<?xml version="1.0" encoding="UTF-8"?>
<!-- Generated by org.testng.reporters.JUnitReportReporter -->
<testsuite skipped="0" hostname="Aby-HP" name="MavenProject.HomePage" tests="1" failures="0" timestamp="25 Oct 2020 09:49:05 GMT" time="17.538" errors="0">
  <testcase name="basePageNavigation" time="17.538" classname="MavenProject.HomePage"/>
</testsuite> <!-- MavenProject.HomePage -->
