<?xml version="1.0" encoding="UTF-8"?>
<!-- Generated by org.testng.reporters.JUnitReportReporter -->
<testsuite skipped="0" hostname="Aby-HP" name="MavenProject.HomePage" tests="1" failures="0" timestamp="2020-10-25T19:24:01 IST" time="21.106" errors="0">
  <testcase name="basePageNavigation" time="21.106" classname="MavenProject.HomePage"/>
  <system-out/>
</testsuite> <!-- MavenProject.HomePage -->
